1. Tue Jun 30 09:18:50 2020
2. Tue Jun 30 09:18:52 2020
3. Tue Jun 30 09:18:54 2020
4. Tue Jun 30 09:18:56 2020
5. Tue Jun 30 09:18:58 2020
6. Tue Jun 30 09:19:04 2020
7. Tue Jun 30 09:19:06 2020
8. Tue Jun 30 09:19:08 2020
9. Tue Jun 30 09:19:10 2020
10. Tue Jun 30 09:19:12 2020
11. Tue Jun 30 09:35:14 2020
12. Tue Jun 30 09:35:16 2020
13. Tue Jun 30 09:35:18 2020
14. Tue Jun 30 09:35:20 2020
15. Tue Jun 30 09:35:22 2020
16. Tue Jun 30 09:35:24 2020
17. Tue Jun 30 09:35:26 2020
18. Tue Jun 30 09:35:28 2020
19. Tue Jun 30 09:35:30 2020
20. Tue Jun 30 09:35:32 2020
21. Tue Jun 30 09:35:34 2020
22. Tue Jun 30 09:35:36 2020
23. Tue Jun 30 09:35:38 2020
24. Tue Jun 30 09:35:40 2020
25. Tue Jun 30 09:35:42 2020
26. Tue Jun 30 09:35:44 2020
27. Tue Jun 30 09:35:46 2020
28. Tue Jun 30 09:35:48 2020
29. Tue Jun 30 09:35:51 2020
30. Tue Jun 30 09:35:53 2020
31. Tue Jun 30 09:35:55 2020
